{"/Users/cjrobbertse/Languages/Node JS/Testing/Jest-Crash-Course/src/functions.js": {"path":"/Users/cjrobbertse/Languages/Node JS/Testing/Jest-Crash-Course/src/functions.js","statementMap":{"0":{"start":{"line":1,"column":18},"end":{"line":3,"column":1}},"1":{"start":{"line":2,"column":29},"end":{"line":2,"column":40}},"2":{"start":{"line":5,"column":0},"end":{"line":5,"column":26}}},"fnMap":{"0":{"name":"(anonymous_0)","decl":{"start":{"line":2,"column":7},"end":{"line":2,"column":8}},"loc":{"start":{"line":2,"column":29},"end":{"line":2,"column":40}},"line":2}},"branchMap":{},"s":{"0":1,"1":2,"2":1},"f":{"0":2},"b":{},"_coverageSchema":"43e27e138ebf9cfc5966b082cf9a028302ed4184","hash":"0ff094e72ed3f5a2254ec3de397bb10df031927e"}
}
